<?xml version="1.0" encoding="UTF-8"?>
<testsuite name="PostmanEchoTest" tests="1" skipped="0" failures="0" errors="0" timestamp="2023-05-16T01:08:20" hostname="DESKTOP-HAT9EAC" time="4.237">
  <properties/>
  <testcase name="ShouldPostAndRetern()" classname="PostmanEchoTest" time="4.237"/>
  <system-out><![CDATA[]]></system-out>
  <system-err><![CDATA[]]></system-err>
</testsuite>
